生成启动时间为 2014/7/20 10:33:57。
     1>项目“C:\Users\00\Desktop\GJK\GJKtest\GJKtest\dependente\glm\CMakeFiles\2.8.10.2\CompilerIdCXX\CompilerIdCXX.vcxproj”在节点 2 上(build 个目标)。
     1>InitializeBuildStatus:
         正在创建“Debug\CompilerIdCXX.unsuccessfulbuild”，因为已指定“AlwaysCreate”。
       ClCompile:
         C:\Program Files\Microsoft Visual Studio 10.0\VC\bin\CL.exe /c /nologo /W0 /WX- /Od /Oy- /D _MBCS /Gm- /EHsc /RTC1 /MDd /GS /fp:precise /Zc:wchar_t /Zc:forScope /Fo"Debug\\" /Fd"Debug\vc100.pdb" /Gd /TP /analyze- /errorReport:prompt CMakeCXXCompilerId.cpp
         CMakeCXXCompilerId.cpp
       Link:
         C:\Program Files\Microsoft Visual Studio 10.0\VC\bin\link.exe /ERRORREPORT:PROMPT /OUT:".\CompilerIdCXX.exe" /INCREMENTAL:NO /NOLOGO kernel32.lib user32.lib gdi32.lib winspool.lib comdlg32.lib advapi32.lib shell32.lib ole32.lib oleaut32.lib uuid.lib odbc32.lib odbccp32.lib /MANIFEST /ManifestFile:"Debug\CompilerIdCXX.exe.intermediate.manifest" /MANIFESTUAC:"level='asInvoker' uiAccess='false'" /PDB:"C:\Users\00\Desktop\GJK\GJKtest\GJKtest\dependente\glm\CMakeFiles\2.8.10.2\CompilerIdCXX\CompilerIdCXX.pdb" /SUBSYSTEM:CONSOLE /TLBID:1 /DYNAMICBASE /NXCOMPAT /IMPLIB:".\CompilerIdCXX.lib" /MACHINE:X86 Debug\CMakeCXXCompilerId.obj
         CompilerIdCXX.vcxproj -> C:\Users\00\Desktop\GJK\GJKtest\GJKtest\dependente\glm\CMakeFiles\2.8.10.2\CompilerIdCXX\.\CompilerIdCXX.exe
       Manifest:
         C:\Program Files\Microsoft SDKs\Windows\v7.0A\bin\mt.exe /nologo /verbose /outputresource:".\CompilerIdCXX.exe;#1" /manifest Debug\CompilerIdCXX.exe.intermediate.manifest
       PostBuildEvent:
         for %%i in (cl.exe) do @echo CMAKE_CXX_COMPILER=%%~$PATH:i
         :VCEnd
         CMAKE_CXX_COMPILER=C:\Program Files\Microsoft Visual Studio 10.0\VC\bin\cl.exe
       FinalizeBuildStatus:
         正在删除文件“Debug\CompilerIdCXX.unsuccessfulbuild”。
         正在对“Debug\CompilerIdCXX.lastbuildstate”执行 Touch 任务。
     1>已完成生成项目“C:\Users\00\Desktop\GJK\GJKtest\GJKtest\dependente\glm\CMakeFiles\2.8.10.2\CompilerIdCXX\CompilerIdCXX.vcxproj”(build 个目标)的操作。

生成成功。

已用时间 00:00:02.49
